# JRE version: Java(TM) SE Runtime Environment (8.0_201-b09) (build 1.8.0_201-b09)
# Java VM: Java HotSpot(TM) 64-Bit Server VM (25.201-b09 mixed mode windows-amd64 compressed oops)
Heap:
 PSYoungGen      total 121344K, used 100966K [0x00000000d8380000, 0x00000000e0600000, 0x0000000100000000)
  eden space 111104K, 90% used [0x00000000d8380000,0x00000000de619af8,0x00000000df000000)
  from space 10240K, 0% used [0x00000000dfc00000,0x00000000dfc00000,0x00000000e0600000)
  to   space 11264K, 0% used [0x00000000df000000,0x00000000df000000,0x00000000dfb00000)
 ParOldGen       total 54272K, used 13301K [0x0000000088a00000, 0x000000008bf00000, 0x00000000d8380000)
  object space 54272K, 24% used [0x0000000088a00000,0x00000000896fd630,0x000000008bf00000)
 Metaspace       used 43025K, capacity 46216K, committed 46296K, reserved 1089536K
  class space    used 5308K, capacity 5840K, committed 5848K, reserved 1048576K
GC Heap History (10 events):
Event: 26.679 GC heap before
{Heap before GC invocations=6 (full 1):
 PSYoungGen      total 35840K, used 5109K [0x00000000d8380000, 0x00000000dd180000, 0x0000000100000000)
  eden space 30720K, 0% used [0x00000000d8380000,0x00000000d8380000,0x00000000da180000)
  from space 5120K, 99% used [0x00000000da180000,0x00000000da67d7a8,0x00000000da680000)
  to   space 9216K, 0% used [0x00000000dc880000,0x00000000dc880000,0x00000000dd180000)
 ParOldGen       total 81920K, used 5917K [0x0000000088a00000, 0x000000008da00000, 0x00000000d8380000)
  object space 81920K, 7% used [0x0000000088a00000,0x0000000088fc75e0,0x000000008da00000)
 Metaspace       used 20199K, capacity 21132K, committed 21248K, reserved 1067008K
  class space    used 2521K, capacity 2758K, committed 2816K, reserved 1048576K
Event: 26.804 GC heap after
Heap after GC invocations=6 (full 1):
 PSYoungGen      total 35840K, used 0K [0x00000000d8380000, 0x00000000dd180000, 0x0000000100000000)
  eden space 30720K, 0% used [0x00000000d8380000,0x00000000d8380000,0x00000000da180000)
  from space 5120K, 0% used [0x00000000da180000,0x00000000da180000,0x00000000da680000)
  to   space 9216K, 0% used [0x00000000dc880000,0x00000000dc880000,0x00000000dd180000)
 ParOldGen       total 41984K, used 5528K [0x0000000088a00000, 0x000000008b300000, 0x00000000d8380000)
  object space 41984K, 13% used [0x0000000088a00000,0x0000000088f66050,0x000000008b300000)
 Metaspace       used 20199K, capacity 21132K, committed 21248K, reserved 1067008K
  class space    used 2521K, capacity 2758K, committed 2816K, reserved 1048576K
}
Event: 32.124 GC heap before
{Heap before GC invocations=7 (full 1):
 PSYoungGen      total 35840K, used 30720K [0x00000000d8380000, 0x00000000dd180000, 0x0000000100000000)
  eden space 30720K, 100% used [0x00000000d8380000,0x00000000da180000,0x00000000da180000)
  from space 5120K, 0% used [0x00000000da180000,0x00000000da180000,0x00000000da680000)
  to   space 9216K, 0% used [0x00000000dc880000,0x00000000dc880000,0x00000000dd180000)
 ParOldGen       total 41984K, used 5528K [0x0000000088a00000, 0x000000008b300000, 0x00000000d8380000)
  object space 41984K, 13% used [0x0000000088a00000,0x0000000088f66050,0x000000008b300000)
 Metaspace       used 23180K, capacity 24270K, committed 24448K, reserved 1071104K
  class space    used 2906K, capacity 3133K, committed 3200K, reserved 1048576K
Event: 32.134 GC heap after
Heap after GC invocations=7 (full 1):
 PSYoungGen      total 66560K, used 4187K [0x00000000d8380000, 0x00000000dcf80000, 0x0000000100000000)
  eden space 59392K, 0% used [0x00000000d8380000,0x00000000d8380000,0x00000000dbd80000)
  from space 7168K, 58% used [0x00000000dc880000,0x00000000dcc96d10,0x00000000dcf80000)
  to   space 9216K, 0% used [0x00000000dbd80000,0x00000000dbd80000,0x00000000dc680000)
 ParOldGen       total 41984K, used 5536K [0x0000000088a00000, 0x000000008b300000, 0x00000000d8380000)
  object space 41984K, 13% used [0x0000000088a00000,0x0000000088f68050,0x000000008b300000)
 Metaspace       used 23180K, capacity 24270K, committed 24448K, reserved 1071104K
  class space    used 2906K, capacity 3133K, committed 3200K, reserved 1048576K
}
Event: 70.506 GC heap before
{Heap before GC invocations=8 (full 1):
 PSYoungGen      total 66560K, used 63579K [0x00000000d8380000, 0x00000000dcf80000, 0x0000000100000000)
  eden space 59392K, 100% used [0x00000000d8380000,0x00000000dbd80000,0x00000000dbd80000)
  from space 7168K, 58% used [0x00000000dc880000,0x00000000dcc96d10,0x00000000dcf80000)
  to   space 9216K, 0% used [0x00000000dbd80000,0x00000000dbd80000,0x00000000dc680000)
 ParOldGen       total 41984K, used 5536K [0x0000000088a00000, 0x000000008b300000, 0x00000000d8380000)
  object space 41984K, 13% used [0x0000000088a00000,0x0000000088f68050,0x000000008b300000)
 Metaspace       used 30018K, capacity 31932K, committed 32128K, reserved 1077248K
  class space    used 3808K, capacity 4158K, committed 4224K, reserved 1048576K
Event: 70.580 GC heap after
Heap after GC invocations=8 (full 1):
 PSYoungGen      total 68608K, used 9207K [0x00000000d8380000, 0x00000000e0600000, 0x0000000100000000)
  eden space 59392K, 0% used [0x00000000d8380000,0x00000000d8380000,0x00000000dbd80000)
  from space 9216K, 99% used [0x00000000dbd80000,0x00000000dc67df38,0x00000000dc680000)
  to   space 10240K, 0% used [0x00000000dfc00000,0x00000000dfc00000,0x00000000e0600000)
 ParOldGen       total 41984K, used 5618K [0x0000000088a00000, 0x000000008b300000, 0x00000000d8380000)
  object space 41984K, 13% used [0x0000000088a00000,0x0000000088f7c818,0x000000008b300000)
 Metaspace       used 30018K, capacity 31932K, committed 32128K, reserved 1077248K
  class space    used 3808K, capacity 4158K, committed 4224K, reserved 1048576K
}
Event: 77.174 GC heap before
{Heap before GC invocations=9 (full 1):
 PSYoungGen      total 68608K, used 39611K [0x00000000d8380000, 0x00000000e0600000, 0x0000000100000000)
  eden space 59392K, 51% used [0x00000000d8380000,0x00000000da130fa8,0x00000000dbd80000)
  from space 9216K, 99% used [0x00000000dbd80000,0x00000000dc67df38,0x00000000dc680000)
  to   space 10240K, 0% used [0x00000000dfc00000,0x00000000dfc00000,0x00000000e0600000)
 ParOldGen       total 41984K, used 5618K [0x0000000088a00000, 0x000000008b300000, 0x00000000d8380000)
  object space 41984K, 13% used [0x0000000088a00000,0x0000000088f7c818,0x000000008b300000)
 Metaspace       used 32771K, capacity 35356K, committed 35416K, reserved 1079296K
  class space    used 4212K, capacity 4642K, committed 4696K, reserved 1048576K
Event: 77.198 GC heap after
Heap after GC invocations=9 (full 1):
 PSYoungGen      total 121344K, used 8937K [0x00000000d8380000, 0x00000000e0600000, 0x0000000100000000)
  eden space 111104K, 0% used [0x00000000d8380000,0x00000000d8380000,0x00000000df000000)
  from space 10240K, 87% used [0x00000000dfc00000,0x00000000e04ba600,0x00000000e0600000)
  to   space 11264K, 0% used [0x00000000df000000,0x00000000df000000,0x00000000dfb00000)
 ParOldGen       total 41984K, used 5618K [0x0000000088a00000, 0x000000008b300000, 0x00000000d8380000)
  object space 41984K, 13% used [0x0000000088a00000,0x0000000088f7c818,0x000000008b300000)
 Metaspace       used 32771K, capacity 35356K, committed 35416K, reserved 1079296K
  class space    used 4212K, capacity 4642K, committed 4696K, reserved 1048576K
}
Event: 77.198 GC heap before
{Heap before GC invocations=10 (full 2):
 PSYoungGen      total 121344K, used 8937K [0x00000000d8380000, 0x00000000e0600000, 0x0000000100000000)
  eden space 111104K, 0% used [0x00000000d8380000,0x00000000d8380000,0x00000000df000000)
  from space 10240K, 87% used [0x00000000dfc00000,0x00000000e04ba600,0x00000000e0600000)
  to   space 11264K, 0% used [0x00000000df000000,0x00000000df000000,0x00000000dfb00000)
 ParOldGen       total 41984K, used 5618K [0x0000000088a00000, 0x000000008b300000, 0x00000000d8380000)
  object space 41984K, 13% used [0x0000000088a00000,0x0000000088f7c818,0x000000008b300000)
 Metaspace       used 32771K, capacity 35356K, committed 35416K, reserved 1079296K
  class space    used 4212K, capacity 4642K, committed 4696K, reserved 1048576K
Event: 77.461 GC heap after
Heap after GC invocations=10 (full 2):
 PSYoungGen      total 121344K, used 0K [0x00000000d8380000, 0x00000000e0600000, 0x0000000100000000)
  eden space 111104K, 0% used [0x00000000d8380000,0x00000000d8380000,0x00000000df000000)
  from space 10240K, 0% used [0x00000000dfc00000,0x00000000dfc00000,0x00000000e0600000)
  to   space 11264K, 0% used [0x00000000df000000,0x00000000df000000,0x00000000dfb00000)
 ParOldGen       total 54272K, used 13301K [0x0000000088a00000, 0x000000008bf00000, 0x00000000d8380000)
  object space 54272K, 24% used [0x0000000088a00000,0x00000000896fd630,0x000000008bf00000)
 Metaspace       used 32771K, capacity 35356K, committed 35416K, reserved 1079296K
  class space    used 4212K, capacity 4642K, committed 4696K, reserved 1048576K
}

